2025-Jun-25 12:50:56 –ù–∞–ª–∏—á–∏–µ –Ω–µ–æ–±—Ö–æ–¥–∏–º—ã—Ö –º–æ–¥—É–ª–µ–π php (check_php_modules): Fail
–û—à–∏–±–∫–∞! –ù–µ —É—Å—Ç–∞–Ω–æ–≤–ª–µ–Ω—ã —Ç—Ä–µ–±—É–µ–º—ã–µ —Ä–∞—Å—à–∏—Ä–µ–Ω–∏—è:Free Type Text–ü–æ–¥–¥–µ—Ä–∂–∫–∞ jpeg –≤ GD
2025-Jun-25 12:50:57 –û–±—è–∑–∞—Ç–µ–ª—å–Ω—ã–µ –ø–∞—Ä–∞–º–µ—Ç—Ä—ã PHP (check_php_settings): Fail
–û—à–∏–±–∫–∞! –ó–Ω–∞—á–µ–Ω–∏–µ max_input_vars –¥–æ–ª–∂–Ω–æ –±—ã—Ç—å –Ω–µ –Ω–∏–∂–µ 10000. –¢–µ–∫—É—â–µ–µ –∑–Ω–∞—á–µ–Ω–∏–µ: 1000
2025-Jun-25 12:50:58 –ú–æ–¥—É–ª–∏ –≤–µ–±-—Å–µ—Ä–≤–µ—Ä–∞ (check_security): Ok
–ö–æ–Ω—Ñ–ª–∏–∫—Ç–æ–≤ –Ω–µ –≤—ã—è–≤–ª–µ–Ω–æ
2025-Jun-25 12:50:59 –ó–Ω–∞—á–µ–Ω–∏—è –ø–µ—Ä–µ–º–µ–Ω–Ω—ã—Ö —Å–µ—Ä–≤–µ—Ä–∞ (check_server_vars): Ok
–ö–æ—Ä—Ä–µ–∫—Ç–Ω—ã–µ
2025-Jun-25 12:51:00 –°–æ—Ö—Ä–∞–Ω–µ–Ω–∏–µ —Å–µ—Å—Å–∏–∏ (check_session): Ok
50% done
2025-Jun-25 12:51:01 –°–æ—Ö—Ä–∞–Ω–µ–Ω–∏–µ —Å–µ—Å—Å–∏–∏ (check_session): Ok
–£—Å–ø–µ—à–Ω–æ
2025-Jun-25 12:51:03 –ü–∞—Ä–∞–º–µ—Ç—Ä—ã –Ω–∞—Å—Ç—Ä–æ–π–∫–∏ UTF (mbstring –∏ –∫–æ–Ω—Å—Ç–∞–Ω—Ç–∞ BX_UTF) (check_mbstring): Ok
–ü—Ä–∞–≤–∏–ª—å–Ω—ã–µ. –°–∞–π—Ç —Ä–∞–±–æ—Ç–∞–µ—Ç –≤ UTF –∫–æ–¥–∏—Ä–æ–≤–∫–µ
2025-Jun-25 12:51:04 –°–ª—É–∂–µ–±–Ω—ã–µ —Å–∫—Ä–∏–ø—Ç—ã –≤ –∫–æ—Ä–Ω–µ —Å–∞–π—Ç–∞ (check_install_scripts): Ok
–û—Ç—Å—É—Ç—Å—Ç–≤—É—é—Ç
2025-Jun-25 12:51:05 –†–∞–±–æ—Ç–∞ —Å —Å–æ–∫–µ—Ç–∞–º–∏ (check_socket): Ok
Connection to localhost:80	Success

–£—Å–ø–µ—à–Ω–æ
2025-Jun-25 12:51:06 –í—ã–ø–æ–ª–Ω–µ–Ω–∏–µ –∞–≥–µ–Ω—Ç–æ–≤ –Ω–∞ cron (check_bx_crontab): Warning
–ó–∞–º–µ—á–∞–Ω–∏–µ. –ê–≥–µ–Ω—Ç—ã –≤—ã–ø–æ–ª–Ω—è—é—Ç—Å—è –Ω–∞ —Ö–∏—Ç–∞—Ö, —Ä–µ–∫–æ–º–µ–Ω–¥—É–µ—Ç—Å—è –ø–µ—Ä–µ–≤–µ—Å—Ç–∏ –≤—ã–ø–æ–ª–Ω–µ–Ω–∏–µ –∞–≥–µ–Ω—Ç–æ–≤ –Ω–∞ cron
2025-Jun-25 12:51:09 –õ–∏—à–Ω–∏–π –≤—ã–≤–æ–¥ –≤ —Ñ–∞–π–ª–∞—Ö –∫–æ–Ω—Ñ–∏–≥—É—Ä–∞—Ü–∏–∏ (check_dbconn): Ok
Connection to localhost:80	Success

–£—Å–ø–µ—à–Ω–æ
2025-Jun-25 12:51:11 –°–æ—Ö—Ä–∞–Ω–µ–Ω–∏–µ —Å–µ—Å—Å–∏–∏ –±–µ–∑ UserAgent (check_session_ua): Ok
50% done
Connection to localhost:80	Success

2025-Jun-25 12:51:12 –°–æ—Ö—Ä–∞–Ω–µ–Ω–∏–µ —Å–µ—Å—Å–∏–∏ –±–µ–∑ UserAgent (check_session_ua): Ok
Connection to localhost:80	Success

–£—Å–ø–µ—à–Ω–æ
2025-Jun-25 12:51:13 –ù–∞—Å—Ç—Ä–æ–π–∫–∏ —Å–∞–π—Ç–æ–≤ (check_sites): Ok
–ü—Ä–∞–≤–∏–ª—å–Ω—ã–µ
2025-Jun-25 12:51:14 –†–∞–∑–º–µ—Ä —Å—Ç–µ–∫–∞ –∏ pcre.recursion_limit (check_pcre_recursion): Ok
Connection to localhost:80	Success

–£—Å–ø–µ—à–Ω–æ
2025-Jun-25 12:51:15 –ó–∞–≥—Ä—É–∑–∫–∞ —Ñ–∞–π–ª–∞ (check_upload): Ok
Connection to localhost:80	Success

–£—Å–ø–µ—à–Ω–æ
2025-Jun-25 12:51:17 –ó–∞–≥—Ä—É–∑–∫–∞ —Ñ–∞–π–ª–∞ –±–æ–ª—å—à–µ 4–ú–± (check_upload_big): Fail
Connection to localhost:80	Success
== Request ==
POST /bitrix/admin/site_checker.php?test_type=upload_test&unique_id=40d586d7cec3f9c1f7bdb0df58203900&big=1&raw=0 HTTP/1.1
Host: localhost
Content-Type: multipart/form-data; boundary=--------4db72adc132c06f7f68d7e444d656fa5
Content-Length: 4200196

----------4db72adc132c06f7f68d7e444d656fa5
Content-Disposition: form-data; name="test_file"; filename="site_checker.bin"
Content-Type: image/gif

()*+,-./0123456789:;<=>?@ABCDEFGHIJKLMNOPQRSTUVWXYZ[\]^_`abcdefghijklmnopqrstuvwxyz{|}~ÄÅÇÉÑÖÜáàâäãåçéèêëíìîïñóòôöõúùûü†°¢£§•¶ß®©™´¨≠ÆØ∞±≤≥¥µ∂∑∏π∫ªºΩæø¿¡¬√ƒ≈∆«»… ÀÃÕŒœ–—“”‘’÷◊ÿŸ⁄€‹›ﬁﬂ‡·‚„‰ÂÊÁËÈÍÎÏÌÓÔ()*+,-./0123456789:;<=>?@ABCDEFGHIJKLMNOPQRSTUVWXYZ[\]^_`abcdefghijklmnopqrstuvwxyz{|}~ÄÅÇÉÑÖÜáàâäãåçéèêëíìîïñóòôöõúùûü†°¢£§•¶ß®©™´¨≠ÆØ∞±≤≥¥µ∂∑∏π∫ªºΩæø¿¡¬√ƒ≈∆«»… ÀÃÕŒœ–—“”‘’÷◊ÿŸ⁄€‹›ﬁﬂ‡·‚„‰ÂÊÁËÈÍÎÏÌÓÔ()*+,-./0123456789:;<=>?@ABCDEFGHIJKLMNOPQRSTUVWXYZ[\]^_`abcdefghijklmnopqrstuvwxyz{|}~ÄÅÇÉÑÖÜáàâäãåçéèêëíìîïñóòôöõúùûü†°¢£§•¶ß®©™´¨≠ÆØ∞±≤≥¥µ∂∑∏π∫ªºΩæø¿¡¬√ƒ≈∆«»… ÀÃÕŒœ–—“”‘’÷◊ÿŸ⁄€‹›ﬁﬂ‡·‚„‰ÂÊÁËÈÍÎÏ ... (4200449 bytes)
== Response ==
HTTP/1.1 200 OK
Date: Wed, 25 Jun 2025 09:51:17 GMT
Server: Apache/2.4.62 (Debian)
X-Powered-By: PHP/8.1.32
Vary: Accept-Encoding
Content-Length: 316
Content-Type: text/html; charset=UTF-8

== Body ==
move_uploaded_file(,/var/www/html/bitrix/tmp/site_checker.bin)=false
$_FILES=
Array
(
    [test_file] => Array
        (
            [name] => site_checker.bin
            [full_path] => site_checker.bin
            [type] => 
            [tmp_name] => 
            [error] => 1
            [size] => 0
        )

)

==========

–û—à–∏–±–∫–∞! –ù–µ —Ä–∞–±–æ—Ç–∞–µ—Ç
2025-Jun-25 12:51:18 –ó–∞–≥—Ä—É–∑–∫–∞ —Ñ–∞–π–ª–∞ —á–µ—Ä–µ–∑ php://input (check_upload_raw): Ok
Connection to localhost:80	Success

–£—Å–ø–µ—à–Ω–æ
2025-Jun-25 12:51:19 –ü–µ—Ä–µ–¥–∞—á–∞ POST –∑–∞–ø—Ä–æ—Å–∞ —Å –±–æ–ª—å—à–∏–º —á–∏—Å–ª–æ–º –ø–∞—Ä–∞–º–µ—Ç—Ä–æ–≤ (check_post): Ok
Connection to localhost:80	Success

–£—Å–ø–µ—à–Ω–æ
2025-Jun-25 12:51:21 –û—Ç–ø—Ä–∞–≤–∫–∞ –ø–æ—á—Ç—ã (check_mail): Fail
–û—à–∏–±–∫–∞! –ù–µ —Ä–∞–±–æ—Ç–∞–µ—Ç
2025-Jun-25 12:51:22 –û—Ç–ø—Ä–∞–≤–∫–∞ –ø–æ—á—Ç–æ–≤–æ–≥–æ —Å–æ–æ–±—â–µ–Ω–∏—è –±–æ–ª—å—à–µ 64–ö–± (check_mail_big): Fail
–û—à–∏–±–∫–∞! –ù–µ —Ä–∞–±–æ—Ç–∞–µ—Ç
2025-Jun-25 12:51:23 –ü—Ä–æ–≤–µ—Ä–∫–∞ –Ω–∞ –Ω–∞–ª–∏—á–∏–µ –Ω–µ–æ—Ç–ø—Ä–∞–≤–ª–µ–Ω–Ω—ã—Ö —Å–æ–æ–±—â–µ–Ω–∏–π (check_mail_b_event): Ok
–£—Å–ø–µ—à–Ω–æ
2025-Jun-25 12:51:24 –í–Ω—É—Ç—Ä–µ–Ω–Ω–µ–µ –ø–µ—Ä–µ–Ω–∞–ø—Ä–∞–≤–ª–µ–Ω–∏–µ (—Ñ—É–Ω–∫—Ü–∏—è LocalRedirect) (check_localredirect): Ok
50% done
Connection to localhost:80	Success

2025-Jun-25 12:51:25 –í–Ω—É—Ç—Ä–µ–Ω–Ω–µ–µ –ø–µ—Ä–µ–Ω–∞–ø—Ä–∞–≤–ª–µ–Ω–∏–µ (—Ñ—É–Ω–∫—Ü–∏—è LocalRedirect) (check_localredirect): Ok
Connection to localhost:80	Success

–£—Å–ø–µ—à–Ω–æ
2025-Jun-25 12:51:27 –§–∞–∫—Ç–∏—á–µ—Å–∫–æ–µ –æ–≥—Ä–∞–Ω–∏—á–µ–Ω–∏–µ –ø–∞–º—è—Ç–∏ (check_memory_limit): Ok
20% done
Connection to localhost:80	Success

2025-Jun-25 12:51:28 –§–∞–∫—Ç–∏—á–µ—Å–∫–æ–µ –æ–≥—Ä–∞–Ω–∏—á–µ–Ω–∏–µ –ø–∞–º—è—Ç–∏ (check_memory_limit): Ok
40% done
Connection to localhost:80	Success

2025-Jun-25 12:51:29 –§–∞–∫—Ç–∏—á–µ—Å–∫–æ–µ –æ–≥—Ä–∞–Ω–∏—á–µ–Ω–∏–µ –ø–∞–º—è—Ç–∏ (check_memory_limit): Ok
60% done
Connection to localhost:80	Success

2025-Jun-25 12:51:30 –§–∞–∫—Ç–∏—á–µ—Å–∫–æ–µ –æ–≥—Ä–∞–Ω–∏—á–µ–Ω–∏–µ –ø–∞–º—è—Ç–∏ (check_memory_limit): Ok
80% done
Connection to localhost:80	Success

2025-Jun-25 12:51:32 –§–∞–∫—Ç–∏—á–µ—Å–∫–æ–µ –æ–≥—Ä–∞–Ω–∏—á–µ–Ω–∏–µ –ø–∞–º—è—Ç–∏ (check_memory_limit): Ok
Connection to localhost:80	Success

–ù–µ –º–µ–Ω–µ–µ 256 –ú
2025-Jun-25 12:51:33 –†–∞–±–æ—Ç–∞ —Å —Ñ–∞–π–ª–∞–º–∏ –∫–µ—à–∞ (check_cache): Ok
–£—Å–ø–µ—à–Ω–æ
2025-Jun-25 12:51:35 –î–æ—Å—Ç—É–ø –∫ —Å–µ—Ä–≤–µ—Ä—É –æ–±–Ω–æ–≤–ª–µ–Ω–∏–π (check_update): Ok
–£—Å–ø–µ—à–Ω–æ
2025-Jun-25 12:51:36 HTTP –∞–≤—Ç–æ—Ä–∏–∑–∞—Ü–∏—è (check_http_auth): Ok
Connection to localhost:80	Success

–£—Å–ø–µ—à–Ω–æ
2025-Jun-25 12:51:38 –°–æ–∑–¥–∞–Ω–∏–µ –∏ –∑–∞–ø—É—Å–∫ —Ñ–∞–π–ª–∞ (check_exec): Ok
Connection to localhost:80	Success

–£—Å–ø–µ—à–Ω–æ
2025-Jun-25 12:51:39 –§—É–Ω–∫—Ü–∏—è getimagesize –¥–ª—è swf (check_getimagesize): Ok
–£—Å–ø–µ—à–Ω–æ
2025-Jun-25 12:51:40 –í–µ—Ä—Å–∏—è MySQL-—Å–µ—Ä–≤–µ—Ä–∞ (check_mysql_bug_version): Ok
–£—Å–ø–µ—à–Ω–æ
2025-Jun-25 12:51:43 –í—Ä–µ–º—è –Ω–∞ –ë–î –∏ –≤–µ–±-—Å–µ—Ä–≤–µ—Ä–µ (check_mysql_time): Fail
–û—à–∏–±–∫–∞! –í—Ä–µ–º—è –æ—Ç–ª–∏—á–∞–µ—Ç—Å—è –Ω–∞ 10800 —Å–µ–∫—É–Ω–¥
2025-Jun-25 12:51:44 –†–µ–∂–∏–º —Ä–∞–±–æ—Ç—ã MySQL (check_mysql_mode): Fail
–û—à–∏–±–∫–∞! innodb_strict_mode=ON, —Ç—Ä–µ–±—É–µ—Ç—Å—è OFF
2025-Jun-25 12:51:45 –ö–æ–¥–∏—Ä–æ–≤–∫–∞ —Å–æ–µ–¥–∏–Ω–µ–Ω–∏—è (check_mysql_connection_charset): Ok
character_set_connection=utf8mb4, collation_connection=utf8mb4_0900_ai_ci, character_set_results=utf8mb4
–£—Å–ø–µ—à–Ω–æ
2025-Jun-25 12:51:46 –ö–æ–¥–∏—Ä–æ–≤–∫–∞ –±–∞–∑—ã –¥–∞–Ω–Ω—ã—Ö (check_mysql_db_charset): Ok
CHARSET=utf8mb4, COLLATION=utf8mb4_0900_ai_ci
–£—Å–ø–µ—à–Ω–æ
2025-Jun-25 12:51:47 –§–æ—Ä–º–∞—Ç —Ö—Ä–∞–Ω–µ–Ω–∏—è —Ç–∞–±–ª–∏—Ü –≤ –ë–î (check_mysql_table_format): Ok
–£—Å–ø–µ—à–Ω–æ
2025-Jun-25 12:51:49 –ö–æ–¥–∏—Ä–æ–≤–∫–∏ —Ç–∞–±–ª–∏—Ü –≤ –ë–î (check_mysql_table_charset): Ok
–£—Å–ø–µ—à–Ω–æ
2025-Jun-25 12:51:51 –°—Ç—Ä—É–∫—Ç—É—Ä–∞ –±–∞–∑—ã –¥–∞–Ω–Ω—ã—Ö (check_mysql_table_structure): Ok
0% done
2025-Jun-25 12:51:52 –°—Ç—Ä—É–∫—Ç—É—Ä–∞ –±–∞–∑—ã –¥–∞–Ω–Ω—ã—Ö (check_mysql_table_structure): Ok
4% done
2025-Jun-25 12:51:54 –°—Ç—Ä—É–∫—Ç—É—Ä–∞ –±–∞–∑—ã –¥–∞–Ω–Ω—ã—Ö (check_mysql_table_structure): Ok
8% done
2025-Jun-25 12:51:56 –°—Ç—Ä—É–∫—Ç—É—Ä–∞ –±–∞–∑—ã –¥–∞–Ω–Ω—ã—Ö (check_mysql_table_structure): Ok
12% done
2025-Jun-25 12:51:58 –°—Ç—Ä—É–∫—Ç—É—Ä–∞ –±–∞–∑—ã –¥–∞–Ω–Ω—ã—Ö (check_mysql_table_structure): Ok
16% done
2025-Jun-25 12:52:00 –°—Ç—Ä—É–∫—Ç—É—Ä–∞ –±–∞–∑—ã –¥–∞–Ω–Ω—ã—Ö (check_mysql_table_structure): Ok
20% done
2025-Jun-25 12:52:03 –°—Ç—Ä—É–∫—Ç—É—Ä–∞ –±–∞–∑—ã –¥–∞–Ω–Ω—ã—Ö (check_mysql_table_structure): Ok
24% done
2025-Jun-25 12:52:04 –°—Ç—Ä—É–∫—Ç—É—Ä–∞ –±–∞–∑—ã –¥–∞–Ω–Ω—ã—Ö (check_mysql_table_structure): Ok
28% done
2025-Jun-25 12:52:08 –°—Ç—Ä—É–∫—Ç—É—Ä–∞ –±–∞–∑—ã –¥–∞–Ω–Ω—ã—Ö (check_mysql_table_structure): Ok
32% done
2025-Jun-25 12:52:12 –°—Ç—Ä—É–∫—Ç—É—Ä–∞ –±–∞–∑—ã –¥–∞–Ω–Ω—ã—Ö (check_mysql_table_structure): Ok
36% done
2025-Jun-25 12:52:14 –°—Ç—Ä—É–∫—Ç—É—Ä–∞ –±–∞–∑—ã –¥–∞–Ω–Ω—ã—Ö (check_mysql_table_structure): Ok
40% done
2025-Jun-25 12:52:23 –°—Ç—Ä—É–∫—Ç—É—Ä–∞ –±–∞–∑—ã –¥–∞–Ω–Ω—ã—Ö (check_mysql_table_structure): Ok
44% done
2025-Jun-25 12:52:28 –°—Ç—Ä—É–∫—Ç—É—Ä–∞ –±–∞–∑—ã –¥–∞–Ω–Ω—ã—Ö (check_mysql_table_structure): Ok
48% done
